<?xml version="1.0" encoding="UTF-8"?>
<!-- Generated by org.testng.reporters.JUnitReportReporter -->
<testsuite hostname="india514" name="com.egain.agent.logintestcases.TC_2_VerifyInValidLogin" tests="1" failures="0" timestamp="27 Mar 2017 11:34:53 GMT" time="30.261" errors="0">
  <testcase name="VerifyInValidLogin" time="30.261" classname="com.egain.agent.logintestcases.TC_2_VerifyInValidLogin"/>
</testsuite> <!-- com.egain.agent.logintestcases.TC_2_VerifyInValidLogin -->
