<?xml version="1.0" encoding="UTF-8"?>
<!-- Generated by org.testng.reporters.JUnitReportReporter -->
<testsuite hostname="india514" name="Listener_Demo.CookiesCopy" tests="1" failures="0" timestamp="31 Mar 2017 11:04:37 GMT" time="7.547" errors="0">
  <testcase name="login" time="7.547" classname="Listener_Demo.CookiesCopy"/>
</testsuite> <!-- Listener_Demo.CookiesCopy -->
