<?xml version="1.0" encoding="UTF-8"?>
<!-- Generated by org.testng.reporters.JUnitReportReporter -->
<testsuite hostname="india514" name="com.egain.chatwebform.testcases.Tc1_VerifyStartChat" tests="1" failures="0" timestamp="15 Apr 2017 03:34:20 GMT" time="7.668" errors="0">
  <testcase name="verifyChat" time="7.668" classname="com.egain.chatwebform.testcases.Tc1_VerifyStartChat"/>
</testsuite> <!-- com.egain.chatwebform.testcases.Tc1_VerifyStartChat -->
