<?xml version="1.0" encoding="UTF-8"?>
<!-- Generated by org.testng.reporters.JUnitReportReporter -->
<testsuite hostname="india514" name="xlswriting.WriteExcel" tests="1" failures="0" timestamp="7 Feb 2017 06:33:33 GMT" time="0.965" errors="0">
  <testcase name="fn_writeread" time="0.965" classname="xlswriting.WriteExcel"/>
</testsuite> <!-- xlswriting.WriteExcel -->
