<?xml version="1.0" encoding="UTF-8"?>
<!-- Generated by org.testng.reporters.JUnitReportReporter -->
<testsuite hostname="india514" name="TestConfigDemo.TestSeleniumInChrome" tests="1" failures="0" timestamp="26 Jan 2017 03:37:57 GMT" time="19.737" errors="0">
  <testcase name="testChrome" time="19.737" classname="TestConfigDemo.TestSeleniumInChrome"/>
</testsuite> <!-- TestConfigDemo.TestSeleniumInChrome -->
