<?xml version="1.0" encoding="UTF-8"?>
<!-- Generated by org.testng.reporters.JUnitReportReporter -->
<testsuite hostname="india514" name="TestConfigDemo.TestSeleniumBlog" tests="1" failures="0" timestamp="26 Jan 2017 02:47:23 GMT" time="0.014" errors="0">
  <testcase name="testConfig" time="0.014" classname="TestConfigDemo.TestSeleniumBlog"/>
</testsuite> <!-- TestConfigDemo.TestSeleniumBlog -->
