<?xml version="1.0" encoding="UTF-8"?>
<!-- Generated by org.testng.reporters.JUnitReportReporter -->
<testsuite hostname="india514" name="com.egain.agent.logintestcases.TC_3_VerifyRetainExistingSessions" tests="1" failures="0" timestamp="27 Mar 2017 11:46:19 GMT" time="36.314" errors="0">
  <testcase name="VerifyValidLoginEndExistingSessions" time="36.314" classname="com.egain.agent.logintestcases.TC_3_VerifyRetainExistingSessions"/>
</testsuite> <!-- com.egain.agent.logintestcases.TC_3_VerifyRetainExistingSessions -->
