<?xml version="1.0" encoding="UTF-8"?>
<!-- Generated by org.testng.reporters.JUnitReportReporter -->
<testsuite hostname="india514" name="jenkinsdemo.testjenkins" tests="1" failures="0" timestamp="22 Apr 2017 04:17:24 GMT" time="0.016" errors="0">
  <testcase name="test1" time="0.016" classname="jenkinsdemo.testjenkins"/>
</testsuite> <!-- jenkinsdemo.testjenkins -->
