<?xml version="1.0" encoding="UTF-8"?>
<!-- Generated by org.testng.reporters.JUnitReportReporter -->
<testsuite hostname="india514" name="com.egain.agent.logintestcases.TC_3" tests="1" failures="0" timestamp="9 Feb 2017 11:27:53 GMT" time="7.078" errors="0">
  <testcase name="VerifyGetTitle" time="7.078" classname="com.egain.agent.logintestcases.TC_3"/>
</testsuite> <!-- com.egain.agent.logintestcases.TC_3 -->
