<?xml version="1.0" encoding="UTF-8"?>
<!-- Generated by org.testng.reporters.JUnitReportReporter -->
<testsuite hostname="india514" name="com.egain.chatwebform.testcases.Tc1_verifyChatLaunch" tests="1" failures="0" timestamp="22 Apr 2017 04:03:05 GMT" time="7.533" errors="0">
  <testcase name="verifyChatLaunch" time="7.533" classname="com.egain.chatwebform.testcases.Tc1_verifyChatLaunch"/>
</testsuite> <!-- com.egain.chatwebform.testcases.Tc1_verifyChatLaunch -->
