<?xml version="1.0" encoding="UTF-8"?>
<!-- Generated by org.testng.reporters.JUnitReportReporter -->
<testsuite hostname="india514" name="testng.com.automation.selenium.TestNg1" tests="4" failures="0" timestamp="28 Mar 2017 06:43:27 GMT" time="0.024" errors="0">
  <testcase name="testexcp" time="0.002" classname="testng.com.automation.selenium.TestNg1"/>
  <testcase name="testSalutationMessage" time="0.002" classname="testng.com.automation.selenium.TestNg1"/>
  <testcase name="group12" time="0.018" classname="testng.com.automation.selenium.TestNg1"/>
  <testcase name="group1" time="0.002" classname="testng.com.automation.selenium.TestNg1"/>
</testsuite> <!-- testng.com.automation.selenium.TestNg1 -->
