<?xml version="1.0" encoding="UTF-8"?>
<!-- Generated by org.testng.reporters.JUnitReportReporter -->
<testsuite hostname="india514" name="com.egain.agentconsolelogin.testcases.VerifyAgentConsoleLogin" tests="1" failures="0" timestamp="8 Feb 2017 13:28:06 GMT" time="11.413" errors="0">
  <testcase name="verifyValiadLogin" time="11.413" classname="com.egain.agentconsolelogin.testcases.VerifyAgentConsoleLogin"/>
</testsuite> <!-- com.egain.agentconsolelogin.testcases.VerifyAgentConsoleLogin -->
