<?xml version="1.0" encoding="UTF-8"?>
<!-- Generated by org.testng.reporters.JUnitReportReporter -->
<testsuite hostname="india514" name="xlsreading.ReadXlsFile" tests="1" failures="0" timestamp="28 Mar 2017 04:55:46 GMT" time="0.773" errors="0">
  <testcase name="fn_xlsread" time="0.773" classname="xlsreading.ReadXlsFile"/>
</testsuite> <!-- xlsreading.ReadXlsFile -->
