<?xml version="1.0" encoding="UTF-8"?>
<!-- Generated by org.testng.reporters.JUnitReportReporter -->
<testsuite hostname="india514" name="com.egain.agent.logintestcases.TC_2" tests="1" failures="0" timestamp="9 Feb 2017 11:55:27 GMT" time="11.852" errors="0">
  <testcase name="VerifyInValidLogin" time="11.852" classname="com.egain.agent.logintestcases.TC_2"/>
</testsuite> <!-- com.egain.agent.logintestcases.TC_2 -->
