<?xml version="1.0" encoding="UTF-8"?>
<!-- Generated by org.testng.reporters.JUnitReportReporter -->
<testsuite hostname="india514" name="com.automation.selenium.Tc1_VerifyStartChat" tests="1" failures="0" timestamp="15 Apr 2017 02:08:46 GMT" time="8.906" errors="0">
  <testcase name="verifyChat" time="8.906" classname="com.automation.selenium.Tc1_VerifyStartChat"/>
</testsuite> <!-- com.automation.selenium.Tc1_VerifyStartChat -->
