<?xml version="1.0" encoding="UTF-8"?>
<!-- Generated by org.testng.reporters.JUnitReportReporter -->
<testsuite hostname="india514" name="Listener_Demo.TestCookies" tests="1" failures="0" timestamp="31 Mar 2017 10:56:52 GMT" time="6.985" errors="0">
  <testcase name="Login" time="6.985" classname="Listener_Demo.TestCookies"/>
</testsuite> <!-- Listener_Demo.TestCookies -->
