<?xml version="1.0" encoding="UTF-8"?>
<!-- Generated by org.testng.reporters.JUnitReportReporter -->
<testsuite hostname="india514" name="com.agentconsolelogin.TestCases.VerifyValidLoginUsingPageFactory" tests="1" failures="0" timestamp="29 Jan 2017 02:30:31 GMT" time="16.650" errors="0">
  <testcase name="checkUserLogin" time="16.650" classname="com.agentconsolelogin.TestCases.VerifyValidLoginUsingPageFactory"/>
</testsuite> <!-- com.agentconsolelogin.TestCases.VerifyValidLoginUsingPageFactory -->
