<?xml version="1.0" encoding="UTF-8"?>
<!-- Generated by org.testng.reporters.JUnitReportReporter -->
<testsuite hostname="india514" name="com.egain.agent.logintestcases.TC_2_VerifyEndExistingSessions" tests="1" failures="0" timestamp="27 Mar 2017 11:47:28 GMT" time="33.879" errors="0">
  <testcase name="VerifyValidLoginEndExistingSessions" time="33.879" classname="com.egain.agent.logintestcases.TC_2_VerifyEndExistingSessions"/>
</testsuite> <!-- com.egain.agent.logintestcases.TC_2_VerifyEndExistingSessions -->
